[ 2016-03-18T21:41:53+08:00 ] 0.0.0.0 /Anliku/Home/Index/getCates
INFO: [ app_begin ] --START--
INFO: ReadHtmlCache Behavior ::run [ RunTime:0.003000s ]
INFO: [ app_begin ] --END-- [ RunTime:0.003000s ]
NOTIC: [8192] mysql_connect(): The mysql extension is deprecated and will be removed in the future: use mysqli or PDO instead D:\wamp\www\Anliku\ThinkPHP\Lib\Driver\Db\DbMysql.class.php 第 55 行.
SQL: SHOW COLUMNS FROM `tb_cate` [ RunTime:0.010001s ]
NOTIC: [8192] preg_replace(): The /e modifier is deprecated, use preg_replace_callback instead D:\wamp\www\Anliku\ThinkPHP\Lib\Core\Db.class.php 第 605 行.
SQL: SELECT * FROM `tb_cate` ORDER BY sort  [ RunTime:0.002000s ]

[ 2016-03-18T21:42:34+08:00 ] 0.0.0.0 /Anliku/Home/Index/getCates
INFO: [ app_begin ] --START--
INFO: ReadHtmlCache Behavior ::run [ RunTime:0.002000s ]
INFO: [ app_begin ] --END-- [ RunTime:0.002000s ]
NOTIC: [8192] mysql_connect(): The mysql extension is deprecated and will be removed in the future: use mysqli or PDO instead D:\wamp\www\Anliku\ThinkPHP\Lib\Driver\Db\DbMysql.class.php 第 55 行.
SQL: SHOW COLUMNS FROM `tb_cate` [ RunTime:0.011001s ]
NOTIC: [8192] preg_replace(): The /e modifier is deprecated, use preg_replace_callback instead D:\wamp\www\Anliku\ThinkPHP\Lib\Core\Db.class.php 第 605 行.
SQL: SELECT * FROM `tb_cate` ORDER BY sort  [ RunTime:0.007000s ]

[ 2016-03-18T21:43:58+08:00 ] 0.0.0.0 /Anliku/Home/Index/getCates
INFO: [ app_begin ] --START--
INFO: ReadHtmlCache Behavior ::run [ RunTime:0.003000s ]
INFO: [ app_begin ] --END-- [ RunTime:0.004000s ]
NOTIC: [8192] mysql_connect(): The mysql extension is deprecated and will be removed in the future: use mysqli or PDO instead D:\wamp\www\Anliku\ThinkPHP\Lib\Driver\Db\DbMysql.class.php 第 55 行.
SQL: SHOW COLUMNS FROM `tb_cate` [ RunTime:0.010001s ]
NOTIC: [8192] preg_replace(): The /e modifier is deprecated, use preg_replace_callback instead D:\wamp\www\Anliku\ThinkPHP\Lib\Core\Db.class.php 第 605 行.
SQL: SELECT * FROM `tb_cate` ORDER BY sort  [ RunTime:0.017001s ]

[ 2016-03-18T21:44:04+08:00 ] 0.0.0.0 /Anliku/Home/Index/getCates
INFO: [ app_begin ] --START--
INFO: ReadHtmlCache Behavior ::run [ RunTime:0.002000s ]
INFO: [ app_begin ] --END-- [ RunTime:0.002000s ]
NOTIC: [8192] mysql_connect(): The mysql extension is deprecated and will be removed in the future: use mysqli or PDO instead D:\wamp\www\Anliku\ThinkPHP\Lib\Driver\Db\DbMysql.class.php 第 55 行.
SQL: SHOW COLUMNS FROM `tb_cate` [ RunTime:0.008000s ]
NOTIC: [8192] preg_replace(): The /e modifier is deprecated, use preg_replace_callback instead D:\wamp\www\Anliku\ThinkPHP\Lib\Core\Db.class.php 第 605 行.
SQL: SELECT * FROM `tb_cate` ORDER BY sort  [ RunTime:0.003001s ]

[ 2016-03-18T21:47:55+08:00 ] 0.0.0.0 /Anliku/Home/Index/getCates
INFO: [ app_begin ] --START--
INFO: ReadHtmlCache Behavior ::run [ RunTime:0.002001s ]
INFO: [ app_begin ] --END-- [ RunTime:0.003001s ]
NOTIC: [8192] mysql_connect(): The mysql extension is deprecated and will be removed in the future: use mysqli or PDO instead D:\wamp\www\Anliku\ThinkPHP\Lib\Driver\Db\DbMysql.class.php 第 55 行.
SQL: SHOW COLUMNS FROM `tb_cate` [ RunTime:0.016001s ]
NOTIC: [8192] preg_replace(): The /e modifier is deprecated, use preg_replace_callback instead D:\wamp\www\Anliku\ThinkPHP\Lib\Core\Db.class.php 第 605 行.
SQL: SELECT * FROM `tb_cate` ORDER BY sort  [ RunTime:0.006000s ]

[ 2016-03-18T21:48:02+08:00 ] 0.0.0.0 /Anliku/Home/Index/getCates
INFO: [ app_begin ] --START--
INFO: ReadHtmlCache Behavior ::run [ RunTime:0.001000s ]
INFO: [ app_begin ] --END-- [ RunTime:0.001000s ]
NOTIC: [8192] mysql_connect(): The mysql extension is deprecated and will be removed in the future: use mysqli or PDO instead D:\wamp\www\Anliku\ThinkPHP\Lib\Driver\Db\DbMysql.class.php 第 55 行.
SQL: SHOW COLUMNS FROM `tb_cate` [ RunTime:0.018001s ]
NOTIC: [8192] preg_replace(): The /e modifier is deprecated, use preg_replace_callback instead D:\wamp\www\Anliku\ThinkPHP\Lib\Core\Db.class.php 第 605 行.
SQL: SELECT * FROM `tb_cate` ORDER BY sort  [ RunTime:0.003000s ]

[ 2016-03-18T21:48:07+08:00 ] 0.0.0.0 /Anliku/Home/Index/getCates
INFO: [ app_begin ] --START--
INFO: ReadHtmlCache Behavior ::run [ RunTime:0.001000s ]
INFO: [ app_begin ] --END-- [ RunTime:0.002000s ]
NOTIC: [8192] mysql_connect(): The mysql extension is deprecated and will be removed in the future: use mysqli or PDO instead D:\wamp\www\Anliku\ThinkPHP\Lib\Driver\Db\DbMysql.class.php 第 55 行.
SQL: SHOW COLUMNS FROM `tb_cate` [ RunTime:0.028002s ]
NOTIC: [8192] preg_replace(): The /e modifier is deprecated, use preg_replace_callback instead D:\wamp\www\Anliku\ThinkPHP\Lib\Core\Db.class.php 第 605 行.
SQL: SELECT * FROM `tb_cate` ORDER BY sort  [ RunTime:0.006000s ]

[ 2016-03-18T21:49:46+08:00 ] 0.0.0.0 /Anliku/Home/Index/getCates
INFO: [ app_begin ] --START--
INFO: ReadHtmlCache Behavior ::run [ RunTime:0.002000s ]
INFO: [ app_begin ] --END-- [ RunTime:0.002000s ]
NOTIC: [8192] mysql_connect(): The mysql extension is deprecated and will be removed in the future: use mysqli or PDO instead D:\wamp\www\Anliku\ThinkPHP\Lib\Driver\Db\DbMysql.class.php 第 55 行.
SQL: SHOW COLUMNS FROM `tb_cate` [ RunTime:0.016001s ]
NOTIC: [8192] preg_replace(): The /e modifier is deprecated, use preg_replace_callback instead D:\wamp\www\Anliku\ThinkPHP\Lib\Core\Db.class.php 第 605 行.
SQL: SELECT * FROM `tb_cate` ORDER BY sort  [ RunTime:0.005000s ]

[ 2016-03-18T21:49:50+08:00 ] 0.0.0.0 /Anliku/Home/Index/getCates
INFO: [ app_begin ] --START--
INFO: ReadHtmlCache Behavior ::run [ RunTime:0.002000s ]
INFO: [ app_begin ] --END-- [ RunTime:0.002000s ]

[ 2016-03-18T21:49:54+08:00 ] 0.0.0.0 /Anliku/Home/Index/getCates
INFO: [ app_begin ] --START--
INFO: ReadHtmlCache Behavior ::run [ RunTime:0.001000s ]
INFO: [ app_begin ] --END-- [ RunTime:0.002000s ]

[ 2016-03-18T21:49:58+08:00 ] 0.0.0.0 /Anliku/Home/Index/getCates
INFO: [ app_begin ] --START--
INFO: ReadHtmlCache Behavior ::run [ RunTime:0.002000s ]
INFO: [ app_begin ] --END-- [ RunTime:0.002000s ]

[ 2016-03-18T21:50:00+08:00 ] 0.0.0.0 /Anliku/Home/Index/getCates
INFO: [ app_begin ] --START--
INFO: ReadHtmlCache Behavior ::run [ RunTime:0.002000s ]
INFO: [ app_begin ] --END-- [ RunTime:0.002000s ]

[ 2016-03-18T21:52:05+08:00 ] 0.0.0.0 /Anliku/Home/Index/getCates
INFO: [ app_begin ] --START--
INFO: ReadHtmlCache Behavior ::run [ RunTime:0.001000s ]
INFO: [ app_begin ] --END-- [ RunTime:0.003000s ]

[ 2016-03-18T21:53:25+08:00 ] 0.0.0.0 /Anliku/Home/Index/getCates
INFO: [ app_begin ] --START--
INFO: ReadHtmlCache Behavior ::run [ RunTime:0.002000s ]
INFO: [ app_begin ] --END-- [ RunTime:0.002000s ]

[ 2016-03-18T21:54:46+08:00 ] 0.0.0.0 /Anliku/Home/Index/getCates
INFO: [ app_begin ] --START--
INFO: ReadHtmlCache Behavior ::run [ RunTime:0.002000s ]
INFO: [ app_begin ] --END-- [ RunTime:0.003000s ]

[ 2016-03-18T21:55:08+08:00 ] 0.0.0.0 /Anliku/Home/Index/getCates
INFO: [ app_begin ] --START--
INFO: ReadHtmlCache Behavior ::run [ RunTime:0.002000s ]
INFO: [ app_begin ] --END-- [ RunTime:0.003000s ]

[ 2016-03-18T21:55:52+08:00 ] 0.0.0.0 /Anliku/Home/Index/getCates
INFO: [ app_begin ] --START--
INFO: ReadHtmlCache Behavior ::run [ RunTime:0.002000s ]
INFO: [ app_begin ] --END-- [ RunTime:0.002000s ]

[ 2016-03-18T21:55:57+08:00 ] 0.0.0.0 /Anliku/Home/Index/getCates
INFO: [ app_begin ] --START--
INFO: ReadHtmlCache Behavior ::run [ RunTime:0.002000s ]
INFO: [ app_begin ] --END-- [ RunTime:0.002000s ]

[ 2016-03-18T21:56:01+08:00 ] 0.0.0.0 /Anliku/Home/Index/getCates
INFO: [ app_begin ] --START--
INFO: ReadHtmlCache Behavior ::run [ RunTime:0.002000s ]
INFO: [ app_begin ] --END-- [ RunTime:0.003001s ]

[ 2016-03-18T21:56:18+08:00 ] 0.0.0.0 /Anliku/Home/Index/getCates
INFO: [ app_begin ] --START--
INFO: ReadHtmlCache Behavior ::run [ RunTime:0.001000s ]
INFO: [ app_begin ] --END-- [ RunTime:0.002000s ]

[ 2016-03-18T22:00:10+08:00 ] 0.0.0.0 /Anliku/Home/Index/getCates
INFO: [ app_begin ] --START--
INFO: ReadHtmlCache Behavior ::run [ RunTime:0.002001s ]
INFO: [ app_begin ] --END-- [ RunTime:0.002001s ]
NOTIC: [8192] mysql_connect(): The mysql extension is deprecated and will be removed in the future: use mysqli or PDO instead D:\wamp\www\Anliku\ThinkPHP\Lib\Driver\Db\DbMysql.class.php 第 55 行.
SQL: SHOW COLUMNS FROM `tb_cate` [ RunTime:0.009001s ]
NOTIC: [8192] preg_replace(): The /e modifier is deprecated, use preg_replace_callback instead D:\wamp\www\Anliku\ThinkPHP\Lib\Core\Db.class.php 第 605 行.
SQL: SELECT * FROM `tb_cate` ORDER BY sort  [ RunTime:0.003000s ]

[ 2016-03-18T22:00:14+08:00 ] 0.0.0.0 /Anliku/Home/Index/getCates
INFO: [ app_begin ] --START--
INFO: ReadHtmlCache Behavior ::run [ RunTime:0.001000s ]
INFO: [ app_begin ] --END-- [ RunTime:0.002000s ]

[ 2016-03-18T22:00:33+08:00 ] 0.0.0.0 /Anliku/Home/Index/getCates
INFO: [ app_begin ] --START--
INFO: ReadHtmlCache Behavior ::run [ RunTime:0.001000s ]
INFO: [ app_begin ] --END-- [ RunTime:0.001000s ]

[ 2016-03-18T22:02:31+08:00 ] 0.0.0.0 /Anliku/Home/Index/getCates
INFO: [ app_begin ] --START--
INFO: ReadHtmlCache Behavior ::run [ RunTime:0.002000s ]
INFO: [ app_begin ] --END-- [ RunTime:0.002000s ]

[ 2016-03-18T22:02:37+08:00 ] 0.0.0.0 /Anliku/Home/Index/getCates
INFO: [ app_begin ] --START--
INFO: ReadHtmlCache Behavior ::run [ RunTime:0.001000s ]
INFO: [ app_begin ] --END-- [ RunTime:0.002000s ]

[ 2016-03-18T22:16:55+08:00 ] 0.0.0.0 /Anliku/Home/Index/getCates
INFO: [ app_begin ] --START--
INFO: ReadHtmlCache Behavior ::run [ RunTime:0.002000s ]
INFO: [ app_begin ] --END-- [ RunTime:0.002000s ]
NOTIC: [8192] mysql_connect(): The mysql extension is deprecated and will be removed in the future: use mysqli or PDO instead D:\wamp\www\Anliku\ThinkPHP\Lib\Driver\Db\DbMysql.class.php 第 55 行.
SQL: SHOW COLUMNS FROM `tb_cate` [ RunTime:0.018001s ]
NOTIC: [8192] preg_replace(): The /e modifier is deprecated, use preg_replace_callback instead D:\wamp\www\Anliku\ThinkPHP\Lib\Core\Db.class.php 第 605 行.
SQL: SELECT * FROM `tb_cate` ORDER BY sort  [ RunTime:0.008001s ]

[ 2016-03-18T22:17:01+08:00 ] 0.0.0.0 /Anliku/index/cate_id/1
ERR: 无法加载模块:index

[ 2016-03-18T22:17:10+08:00 ] 0.0.0.0 /Anliku/Home/Index/getCates
INFO: [ app_begin ] --START--
INFO: ReadHtmlCache Behavior ::run [ RunTime:0.002000s ]
INFO: [ app_begin ] --END-- [ RunTime:0.002000s ]

[ 2016-03-18T22:17:31+08:00 ] 0.0.0.0 /Anliku/Home/Index/getCates
INFO: [ app_begin ] --START--
INFO: ReadHtmlCache Behavior ::run [ RunTime:0.002000s ]
INFO: [ app_begin ] --END-- [ RunTime:0.002000s ]

[ 2016-03-18T22:17:33+08:00 ] 0.0.0.0 /Anliku/index/cate_id/4
ERR: 无法加载模块:index

[ 2016-03-18T22:17:40+08:00 ] 0.0.0.0 /Anliku/Home/Index/getCates
INFO: [ app_begin ] --START--
INFO: ReadHtmlCache Behavior ::run [ RunTime:0.002000s ]
INFO: [ app_begin ] --END-- [ RunTime:0.003000s ]

[ 2016-03-18T22:19:03+08:00 ] 0.0.0.0 /Anliku/Home/Index/getCates
INFO: [ app_begin ] --START--
INFO: ReadHtmlCache Behavior ::run [ RunTime:0.001000s ]
INFO: [ app_begin ] --END-- [ RunTime:0.002000s ]

[ 2016-03-18T22:19:07+08:00 ] 0.0.0.0 /Anliku/Home/Index/getCates
INFO: [ app_begin ] --START--
INFO: ReadHtmlCache Behavior ::run [ RunTime:0.001000s ]
INFO: [ app_begin ] --END-- [ RunTime:0.002000s ]

[ 2016-03-18T22:19:34+08:00 ] 0.0.0.0 /Anliku/Home/Index/getCates
INFO: [ app_begin ] --START--
INFO: ReadHtmlCache Behavior ::run [ RunTime:0.002000s ]
INFO: [ app_begin ] --END-- [ RunTime:0.002000s ]

[ 2016-03-18T22:29:13+08:00 ] 0.0.0.0 /Anliku/Home/Index/getCates
INFO: [ app_begin ] --START--
INFO: ReadHtmlCache Behavior ::run [ RunTime:0.002000s ]
INFO: [ app_begin ] --END-- [ RunTime:0.002000s ]
NOTIC: [8192] mysql_connect(): The mysql extension is deprecated and will be removed in the future: use mysqli or PDO instead D:\wamp\www\Anliku\ThinkPHP\Lib\Driver\Db\DbMysql.class.php 第 55 行.
SQL: SHOW COLUMNS FROM `tb_cate` [ RunTime:0.013001s ]
NOTIC: [8192] preg_replace(): The /e modifier is deprecated, use preg_replace_callback instead D:\wamp\www\Anliku\ThinkPHP\Lib\Core\Db.class.php 第 605 行.
SQL: SELECT * FROM `tb_cate` ORDER BY sort  [ RunTime:0.003000s ]

[ 2016-03-18T22:30:29+08:00 ] 0.0.0.0 /Anliku/Home/Index/getCates
INFO: [ app_begin ] --START--
INFO: ReadHtmlCache Behavior ::run [ RunTime:0.001000s ]
INFO: [ app_begin ] --END-- [ RunTime:0.002000s ]

[ 2016-03-18T22:31:37+08:00 ] 0.0.0.0 /Anliku/Home/Index/getCates
INFO: [ app_begin ] --START--
INFO: ReadHtmlCache Behavior ::run [ RunTime:0.002000s ]
INFO: [ app_begin ] --END-- [ RunTime:0.003000s ]

[ 2016-03-18T22:34:40+08:00 ] 0.0.0.0 /Anliku/Home/Index/getCates
INFO: [ app_begin ] --START--
INFO: ReadHtmlCache Behavior ::run [ RunTime:0.002000s ]
INFO: [ app_begin ] --END-- [ RunTime:0.002000s ]

[ 2016-03-18T22:35:59+08:00 ] 0.0.0.0 /Anliku/Home/Index/getCates
INFO: [ app_begin ] --START--
INFO: ReadHtmlCache Behavior ::run [ RunTime:0.002000s ]
INFO: [ app_begin ] --END-- [ RunTime:0.002000s ]

[ 2016-03-18T22:37:46+08:00 ] 0.0.0.0 /Anliku/Home/Index/getCates
INFO: [ app_begin ] --START--
INFO: ReadHtmlCache Behavior ::run [ RunTime:0.002000s ]
INFO: [ app_begin ] --END-- [ RunTime:0.002000s ]

[ 2016-03-18T22:38:57+08:00 ] 0.0.0.0 /Anliku/Home/Index/getCates
INFO: [ app_begin ] --START--
INFO: ReadHtmlCache Behavior ::run [ RunTime:0.002000s ]
INFO: [ app_begin ] --END-- [ RunTime:0.002000s ]

[ 2016-03-18T22:39:53+08:00 ] 0.0.0.0 /Anliku/Home/Index/getCates
INFO: [ app_begin ] --START--
INFO: ReadHtmlCache Behavior ::run [ RunTime:0.001000s ]
INFO: [ app_begin ] --END-- [ RunTime:0.003001s ]
NOTIC: [8192] mysql_connect(): The mysql extension is deprecated and will be removed in the future: use mysqli or PDO instead D:\wamp\www\Anliku\ThinkPHP\Lib\Driver\Db\DbMysql.class.php 第 55 行.
SQL: SHOW COLUMNS FROM `tb_cate` [ RunTime:0.019001s ]
NOTIC: [8192] preg_replace(): The /e modifier is deprecated, use preg_replace_callback instead D:\wamp\www\Anliku\ThinkPHP\Lib\Core\Db.class.php 第 605 行.
SQL: SELECT * FROM `tb_cate` ORDER BY sort  [ RunTime:0.002000s ]

[ 2016-03-18T22:46:53+08:00 ] 0.0.0.0 /Anliku/Home/Index/getCates
INFO: [ app_begin ] --START--
INFO: ReadHtmlCache Behavior ::run [ RunTime:0.002000s ]
INFO: [ app_begin ] --END-- [ RunTime:0.003000s ]

[ 2016-03-18T22:48:22+08:00 ] 0.0.0.0 /Anliku/Home/Index/getCates
INFO: [ app_begin ] --START--
INFO: ReadHtmlCache Behavior ::run [ RunTime:0.002000s ]
INFO: [ app_begin ] --END-- [ RunTime:0.003000s ]

[ 2016-03-18T22:48:41+08:00 ] 0.0.0.0 /Anliku/Home/Index/getCates
INFO: [ app_begin ] --START--
INFO: ReadHtmlCache Behavior ::run [ RunTime:0.001000s ]
INFO: [ app_begin ] --END-- [ RunTime:0.001000s ]
NOTIC: [8192] mysql_connect(): The mysql extension is deprecated and will be removed in the future: use mysqli or PDO instead D:\wamp\www\Anliku\ThinkPHP\Lib\Driver\Db\DbMysql.class.php 第 55 行.
SQL: SHOW COLUMNS FROM `tb_cate` [ RunTime:0.013000s ]
NOTIC: [8192] preg_replace(): The /e modifier is deprecated, use preg_replace_callback instead D:\wamp\www\Anliku\ThinkPHP\Lib\Core\Db.class.php 第 605 行.
SQL: SELECT * FROM `tb_cate` ORDER BY sort  [ RunTime:0.003001s ]

[ 2016-03-18T22:49:17+08:00 ] 0.0.0.0 /Anliku/Home/Index/getCates
INFO: [ app_begin ] --START--
INFO: ReadHtmlCache Behavior ::run [ RunTime:0.002000s ]
INFO: [ app_begin ] --END-- [ RunTime:0.002000s ]
NOTIC: [8192] mysql_connect(): The mysql extension is deprecated and will be removed in the future: use mysqli or PDO instead D:\wamp\www\Anliku\ThinkPHP\Lib\Driver\Db\DbMysql.class.php 第 55 行.
SQL: SHOW COLUMNS FROM `tb_cate` [ RunTime:0.015001s ]
NOTIC: [8192] preg_replace(): The /e modifier is deprecated, use preg_replace_callback instead D:\wamp\www\Anliku\ThinkPHP\Lib\Core\Db.class.php 第 605 行.
SQL: SELECT * FROM `tb_cate` ORDER BY sort  [ RunTime:0.003000s ]

[ 2016-03-18T22:49:33+08:00 ] 0.0.0.0 /Anliku/Home/Index/getCates
INFO: [ app_begin ] --START--
INFO: ReadHtmlCache Behavior ::run [ RunTime:0.001000s ]
INFO: [ app_begin ] --END-- [ RunTime:0.003000s ]

[ 2016-03-18T22:52:36+08:00 ] 0.0.0.0 /Anliku/Home/Index/getCates
INFO: [ app_begin ] --START--
INFO: ReadHtmlCache Behavior ::run [ RunTime:0.002000s ]
INFO: [ app_begin ] --END-- [ RunTime:0.003000s ]
NOTIC: [8192] mysql_connect(): The mysql extension is deprecated and will be removed in the future: use mysqli or PDO instead D:\wamp\www\Anliku\ThinkPHP\Lib\Driver\Db\DbMysql.class.php 第 55 行.
SQL: SHOW COLUMNS FROM `tb_cate` [ RunTime:0.015000s ]
NOTIC: [8192] preg_replace(): The /e modifier is deprecated, use preg_replace_callback instead D:\wamp\www\Anliku\ThinkPHP\Lib\Core\Db.class.php 第 605 行.
SQL: SELECT * FROM `tb_cate` ORDER BY sort  [ RunTime:0.006000s ]

[ 2016-03-18T22:52:55+08:00 ] 0.0.0.0 /Anliku/Home/Index/getCates
INFO: [ app_begin ] --START--
INFO: ReadHtmlCache Behavior ::run [ RunTime:0.002001s ]
INFO: [ app_begin ] --END-- [ RunTime:0.002001s ]

[ 2016-03-18T22:53:14+08:00 ] 0.0.0.0 /Anliku/Home/Index/getCates
INFO: [ app_begin ] --START--
INFO: ReadHtmlCache Behavior ::run [ RunTime:0.002000s ]
INFO: [ app_begin ] --END-- [ RunTime:0.003000s ]

[ 2016-03-18T22:53:33+08:00 ] 0.0.0.0 /Anliku/Home/Index/getCates
INFO: [ app_begin ] --START--
INFO: ReadHtmlCache Behavior ::run [ RunTime:0.002000s ]
INFO: [ app_begin ] --END-- [ RunTime:0.002000s ]
NOTIC: [8192] mysql_connect(): The mysql extension is deprecated and will be removed in the future: use mysqli or PDO instead D:\wamp\www\Anliku\ThinkPHP\Lib\Driver\Db\DbMysql.class.php 第 55 行.
SQL: SHOW COLUMNS FROM `tb_cate` [ RunTime:0.016001s ]
NOTIC: [8192] preg_replace(): The /e modifier is deprecated, use preg_replace_callback instead D:\wamp\www\Anliku\ThinkPHP\Lib\Core\Db.class.php 第 605 行.
SQL: SELECT * FROM `tb_cate` ORDER BY sort  [ RunTime:0.013001s ]

[ 2016-03-18T22:55:09+08:00 ] 0.0.0.0 /Anliku/Home/Index/getCates
INFO: [ app_begin ] --START--
INFO: ReadHtmlCache Behavior ::run [ RunTime:0.002001s ]
INFO: [ app_begin ] --END-- [ RunTime:0.002001s ]

[ 2016-03-18T22:56:17+08:00 ] 0.0.0.0 /Anliku/Home/Index/getCates
INFO: [ app_begin ] --START--
INFO: ReadHtmlCache Behavior ::run [ RunTime:0.001000s ]
INFO: [ app_begin ] --END-- [ RunTime:0.001000s ]

[ 2016-03-18T23:00:31+08:00 ] 0.0.0.0 /Anliku/Home/Index/getCates
INFO: [ app_begin ] --START--
INFO: ReadHtmlCache Behavior ::run [ RunTime:0.002000s ]
INFO: [ app_begin ] --END-- [ RunTime:0.002000s ]

[ 2016-03-18T23:01:33+08:00 ] 0.0.0.0 /Anliku/Home/Index/getCates
INFO: [ app_begin ] --START--
INFO: ReadHtmlCache Behavior ::run [ RunTime:0.001000s ]
INFO: [ app_begin ] --END-- [ RunTime:0.002000s ]

[ 2016-03-18T23:01:38+08:00 ] 0.0.0.0 /Anliku/Home/Index/getCates
INFO: [ app_begin ] --START--
INFO: ReadHtmlCache Behavior ::run [ RunTime:0.002000s ]
INFO: [ app_begin ] --END-- [ RunTime:0.002000s ]

[ 2016-03-18T23:02:29+08:00 ] 0.0.0.0 /Anliku/Home/Index/getCates
INFO: [ app_begin ] --START--
INFO: ReadHtmlCache Behavior ::run [ RunTime:0.002000s ]
INFO: [ app_begin ] --END-- [ RunTime:0.002000s ]

[ 2016-03-18T23:02:33+08:00 ] 0.0.0.0 /Anliku/Home/Index/getCates
INFO: [ app_begin ] --START--
INFO: ReadHtmlCache Behavior ::run [ RunTime:0.001000s ]
INFO: [ app_begin ] --END-- [ RunTime:0.007000s ]

[ 2016-03-18T23:02:36+08:00 ] 0.0.0.0 /Anliku/Home/Index/getCates
INFO: [ app_begin ] --START--
INFO: ReadHtmlCache Behavior ::run [ RunTime:0.001000s ]
INFO: [ app_begin ] --END-- [ RunTime:0.001000s ]

[ 2016-03-18T23:02:39+08:00 ] 0.0.0.0 /Anliku/Home/Index/getCates
INFO: [ app_begin ] --START--
INFO: ReadHtmlCache Behavior ::run [ RunTime:0.001000s ]
INFO: [ app_begin ] --END-- [ RunTime:0.002000s ]

[ 2016-03-18T23:04:15+08:00 ] 0.0.0.0 /Anliku/Home/Index/getCates
INFO: [ app_begin ] --START--
INFO: ReadHtmlCache Behavior ::run [ RunTime:0.002001s ]
INFO: [ app_begin ] --END-- [ RunTime:0.002001s ]
NOTIC: [8192] mysql_connect(): The mysql extension is deprecated and will be removed in the future: use mysqli or PDO instead D:\wamp\www\Anliku\ThinkPHP\Lib\Driver\Db\DbMysql.class.php 第 55 行.
SQL: SHOW COLUMNS FROM `tb_cate` [ RunTime:0.015001s ]
NOTIC: [8192] preg_replace(): The /e modifier is deprecated, use preg_replace_callback instead D:\wamp\www\Anliku\ThinkPHP\Lib\Core\Db.class.php 第 605 行.
SQL: SELECT * FROM `tb_cate` ORDER BY sort  [ RunTime:0.005000s ]

[ 2016-03-18T23:04:17+08:00 ] 0.0.0.0 /Anliku/Home/Index/getCates
INFO: [ app_begin ] --START--
INFO: ReadHtmlCache Behavior ::run [ RunTime:0.001000s ]
INFO: [ app_begin ] --END-- [ RunTime:0.002000s ]

[ 2016-03-18T23:04:20+08:00 ] 0.0.0.0 /Anliku/Home/Index/getCates
INFO: [ app_begin ] --START--
INFO: ReadHtmlCache Behavior ::run [ RunTime:0.002000s ]
INFO: [ app_begin ] --END-- [ RunTime:0.002000s ]

[ 2016-03-18T23:04:22+08:00 ] 0.0.0.0 /Anliku/Home/Index/getCates
INFO: [ app_begin ] --START--
INFO: ReadHtmlCache Behavior ::run [ RunTime:0.002000s ]
INFO: [ app_begin ] --END-- [ RunTime:0.002000s ]

[ 2016-03-18T23:04:32+08:00 ] 0.0.0.0 /Anliku/Home/Index/getCates
INFO: [ app_begin ] --START--
INFO: ReadHtmlCache Behavior ::run [ RunTime:0.001000s ]
INFO: [ app_begin ] --END-- [ RunTime:0.001000s ]

[ 2016-03-18T23:04:35+08:00 ] 0.0.0.0 /Anliku/Home/Index/getCates
INFO: [ app_begin ] --START--
INFO: ReadHtmlCache Behavior ::run [ RunTime:0.002000s ]
INFO: [ app_begin ] --END-- [ RunTime:0.003000s ]

[ 2016-03-18T23:07:34+08:00 ] 0.0.0.0 /Anliku/Home/Index/getCates
INFO: [ app_begin ] --START--
INFO: ReadHtmlCache Behavior ::run [ RunTime:0.002000s ]
INFO: [ app_begin ] --END-- [ RunTime:0.002000s ]

[ 2016-03-18T23:07:40+08:00 ] 0.0.0.0 /Anliku/Home/Index/getCates
INFO: [ app_begin ] --START--
INFO: ReadHtmlCache Behavior ::run [ RunTime:0.002000s ]
INFO: [ app_begin ] --END-- [ RunTime:0.002000s ]

[ 2016-03-18T23:08:39+08:00 ] 0.0.0.0 /Anliku/Home/Index/getCates
INFO: [ app_begin ] --START--
INFO: ReadHtmlCache Behavior ::run [ RunTime:0.003001s ]
INFO: [ app_begin ] --END-- [ RunTime:0.003001s ]

[ 2016-03-18T23:08:41+08:00 ] 0.0.0.0 /Anliku/Home/Index/getCates
INFO: [ app_begin ] --START--
INFO: ReadHtmlCache Behavior ::run [ RunTime:0.001000s ]
INFO: [ app_begin ] --END-- [ RunTime:0.002000s ]

[ 2016-03-18T23:09:00+08:00 ] 0.0.0.0 /Anliku/Home/Index/getCates
INFO: [ app_begin ] --START--
INFO: ReadHtmlCache Behavior ::run [ RunTime:0.002000s ]
INFO: [ app_begin ] --END-- [ RunTime:0.002000s ]

[ 2016-03-18T23:09:02+08:00 ] 0.0.0.0 /Anliku/Home/Index/getCates
INFO: [ app_begin ] --START--
INFO: ReadHtmlCache Behavior ::run [ RunTime:0.002000s ]
INFO: [ app_begin ] --END-- [ RunTime:0.002000s ]

[ 2016-03-18T23:15:02+08:00 ] 0.0.0.0 /Anliku/Home/Index/getCates
INFO: [ app_begin ] --START--
INFO: ReadHtmlCache Behavior ::run [ RunTime:0.002000s ]
INFO: [ app_begin ] --END-- [ RunTime:0.002000s ]
NOTIC: [8192] mysql_connect(): The mysql extension is deprecated and will be removed in the future: use mysqli or PDO instead D:\wamp\www\Anliku\ThinkPHP\Lib\Driver\Db\DbMysql.class.php 第 55 行.
SQL: SHOW COLUMNS FROM `tb_cate` [ RunTime:0.014000s ]
NOTIC: [8192] preg_replace(): The /e modifier is deprecated, use preg_replace_callback instead D:\wamp\www\Anliku\ThinkPHP\Lib\Core\Db.class.php 第 605 行.
SQL: SELECT * FROM `tb_cate` ORDER BY sort  [ RunTime:0.002001s ]

[ 2016-03-18T23:15:07+08:00 ] 0.0.0.0 /Anliku/Home/Index/getCates
INFO: [ app_begin ] --START--
INFO: ReadHtmlCache Behavior ::run [ RunTime:0.003000s ]
INFO: [ app_begin ] --END-- [ RunTime:0.003000s ]

[ 2016-03-18T23:15:12+08:00 ] 0.0.0.0 /Anliku/Home/Index/getCates
INFO: [ app_begin ] --START--
INFO: ReadHtmlCache Behavior ::run [ RunTime:0.001000s ]
INFO: [ app_begin ] --END-- [ RunTime:0.001000s ]

[ 2016-03-18T23:15:38+08:00 ] 0.0.0.0 /Anliku/Home/Index/getCates
INFO: [ app_begin ] --START--
INFO: ReadHtmlCache Behavior ::run [ RunTime:0.001000s ]
INFO: [ app_begin ] --END-- [ RunTime:0.002000s ]

[ 2016-03-18T23:16:29+08:00 ] 0.0.0.0 /Anliku/Home/Index/getCates
INFO: [ app_begin ] --START--
INFO: ReadHtmlCache Behavior ::run [ RunTime:0.002001s ]
INFO: [ app_begin ] --END-- [ RunTime:0.002001s ]

[ 2016-03-18T23:18:56+08:00 ] 0.0.0.0 /Anliku/Home/Index/getCates
INFO: [ app_begin ] --START--
INFO: ReadHtmlCache Behavior ::run [ RunTime:0.001000s ]
INFO: [ app_begin ] --END-- [ RunTime:0.002000s ]

[ 2016-03-18T23:19:01+08:00 ] 0.0.0.0 /Anliku/Home/Index/getCates
INFO: [ app_begin ] --START--
INFO: ReadHtmlCache Behavior ::run [ RunTime:0.001000s ]
INFO: [ app_begin ] --END-- [ RunTime:0.002000s ]

[ 2016-03-18T23:19:12+08:00 ] 0.0.0.0 /Anliku/Home/Index/getCates
INFO: [ app_begin ] --START--
INFO: ReadHtmlCache Behavior ::run [ RunTime:0.002000s ]
INFO: [ app_begin ] --END-- [ RunTime:0.002000s ]

[ 2016-03-18T23:19:16+08:00 ] 0.0.0.0 /Anliku/Home/Index/getCates
INFO: [ app_begin ] --START--
INFO: ReadHtmlCache Behavior ::run [ RunTime:0.002000s ]
INFO: [ app_begin ] --END-- [ RunTime:0.003000s ]

[ 2016-03-18T23:21:28+08:00 ] 0.0.0.0 /Anliku/Home/Index/getCates
INFO: [ app_begin ] --START--
INFO: ReadHtmlCache Behavior ::run [ RunTime:0.002000s ]
INFO: [ app_begin ] --END-- [ RunTime:0.002000s ]

[ 2016-03-18T23:21:28+08:00 ] 0.0.0.0 /Anliku/Home/Index/getCates
INFO: [ app_begin ] --START--
INFO: ReadHtmlCache Behavior ::run [ RunTime:0.002000s ]
INFO: [ app_begin ] --END-- [ RunTime:0.002000s ]

[ 2016-03-18T23:21:34+08:00 ] 0.0.0.0 /Anliku/Home/Index/getCates
INFO: [ app_begin ] --START--
INFO: ReadHtmlCache Behavior ::run [ RunTime:0.002001s ]
INFO: [ app_begin ] --END-- [ RunTime:0.002001s ]

[ 2016-03-18T23:21:34+08:00 ] 0.0.0.0 /Anliku/Home/Index/getCates
INFO: [ app_begin ] --START--
INFO: ReadHtmlCache Behavior ::run [ RunTime:0.001000s ]
INFO: [ app_begin ] --END-- [ RunTime:0.001000s ]

[ 2016-03-18T23:21:52+08:00 ] 0.0.0.0 /Anliku/Home/Index/getCates
INFO: [ app_begin ] --START--
INFO: ReadHtmlCache Behavior ::run [ RunTime:0.001000s ]
INFO: [ app_begin ] --END-- [ RunTime:0.002000s ]

[ 2016-03-18T23:21:52+08:00 ] 0.0.0.0 /Anliku/Home/Index/getCates
INFO: [ app_begin ] --START--
INFO: ReadHtmlCache Behavior ::run [ RunTime:0.002000s ]
INFO: [ app_begin ] --END-- [ RunTime:0.002000s ]

[ 2016-03-18T23:22:00+08:00 ] 0.0.0.0 /Anliku/Home/Index/getCates
INFO: [ app_begin ] --START--
INFO: ReadHtmlCache Behavior ::run [ RunTime:0.002000s ]
INFO: [ app_begin ] --END-- [ RunTime:0.003000s ]

[ 2016-03-18T23:22:00+08:00 ] 0.0.0.0 /Anliku/Home/Index/getCates
INFO: [ app_begin ] --START--
INFO: ReadHtmlCache Behavior ::run [ RunTime:0.001000s ]
INFO: [ app_begin ] --END-- [ RunTime:0.002000s ]

[ 2016-03-18T23:23:56+08:00 ] 0.0.0.0 /Anliku/Home/Index/getCates
INFO: [ app_begin ] --START--
INFO: ReadHtmlCache Behavior ::run [ RunTime:0.001000s ]
INFO: [ app_begin ] --END-- [ RunTime:0.002000s ]

[ 2016-03-18T23:23:56+08:00 ] 0.0.0.0 /Anliku/Home/Index/getCates
INFO: [ app_begin ] --START--
INFO: ReadHtmlCache Behavior ::run [ RunTime:0.002000s ]
INFO: [ app_begin ] --END-- [ RunTime:0.002000s ]

[ 2016-03-18T23:25:06+08:00 ] 0.0.0.0 /Anliku/Home/Index/getCates
INFO: [ app_begin ] --START--
INFO: ReadHtmlCache Behavior ::run [ RunTime:0.001001s ]
INFO: [ app_begin ] --END-- [ RunTime:0.003001s ]
NOTIC: [8192] mysql_connect(): The mysql extension is deprecated and will be removed in the future: use mysqli or PDO instead D:\wamp\www\Anliku\ThinkPHP\Lib\Driver\Db\DbMysql.class.php 第 55 行.
SQL: SHOW COLUMNS FROM `tb_cate` [ RunTime:0.034002s ]
NOTIC: [8192] preg_replace(): The /e modifier is deprecated, use preg_replace_callback instead D:\wamp\www\Anliku\ThinkPHP\Lib\Core\Db.class.php 第 605 行.
SQL: SELECT * FROM `tb_cate` ORDER BY sort  [ RunTime:0.044002s ]

[ 2016-03-18T23:25:06+08:00 ] 0.0.0.0 /Anliku/Home/Index/getCates
INFO: [ app_begin ] --START--
INFO: ReadHtmlCache Behavior ::run [ RunTime:0.003000s ]
INFO: [ app_begin ] --END-- [ RunTime:0.003000s ]

[ 2016-03-18T23:25:40+08:00 ] 0.0.0.0 /Anliku/Home/Index/getCates
INFO: [ app_begin ] --START--
INFO: ReadHtmlCache Behavior ::run [ RunTime:0.002000s ]
INFO: [ app_begin ] --END-- [ RunTime:0.003000s ]

[ 2016-03-18T23:25:40+08:00 ] 0.0.0.0 /Anliku/Home/Index/getCates
INFO: [ app_begin ] --START--
INFO: ReadHtmlCache Behavior ::run [ RunTime:0.003000s ]
INFO: [ app_begin ] --END-- [ RunTime:0.004000s ]

[ 2016-03-18T23:26:14+08:00 ] 0.0.0.0 /Anliku/Home/Index/getCates
INFO: [ app_begin ] --START--
INFO: ReadHtmlCache Behavior ::run [ RunTime:0.003000s ]
INFO: [ app_begin ] --END-- [ RunTime:0.003000s ]

[ 2016-03-18T23:26:14+08:00 ] 0.0.0.0 /Anliku/Home/Index/getCates
INFO: [ app_begin ] --START--
INFO: ReadHtmlCache Behavior ::run [ RunTime:0.002000s ]
INFO: [ app_begin ] --END-- [ RunTime:0.005000s ]

[ 2016-03-18T23:26:35+08:00 ] 0.0.0.0 /Anliku/Home/Index/getCates
INFO: [ app_begin ] --START--
INFO: ReadHtmlCache Behavior ::run [ RunTime:0.002001s ]
INFO: [ app_begin ] --END-- [ RunTime:0.002001s ]

[ 2016-03-18T23:26:36+08:00 ] 0.0.0.0 /Anliku/Home/Index/getCates
INFO: [ app_begin ] --START--
INFO: ReadHtmlCache Behavior ::run [ RunTime:0.002000s ]
INFO: [ app_begin ] --END-- [ RunTime:0.002000s ]

[ 2016-03-18T23:26:42+08:00 ] 0.0.0.0 /Anliku/Home/Index/getCates
INFO: [ app_begin ] --START--
INFO: ReadHtmlCache Behavior ::run [ RunTime:0.002000s ]
INFO: [ app_begin ] --END-- [ RunTime:0.003000s ]

[ 2016-03-18T23:26:42+08:00 ] 0.0.0.0 /Anliku/Home/Index/getCates
INFO: [ app_begin ] --START--
INFO: ReadHtmlCache Behavior ::run [ RunTime:0.002000s ]
INFO: [ app_begin ] --END-- [ RunTime:0.002000s ]

[ 2016-03-18T23:26:46+08:00 ] 0.0.0.0 /Anliku/Home/Index/getCates
INFO: [ app_begin ] --START--
INFO: ReadHtmlCache Behavior ::run [ RunTime:0.002000s ]
INFO: [ app_begin ] --END-- [ RunTime:0.002000s ]

[ 2016-03-18T23:26:46+08:00 ] 0.0.0.0 /Anliku/Home/Index/getCates
INFO: [ app_begin ] --START--
INFO: ReadHtmlCache Behavior ::run [ RunTime:0.002000s ]
INFO: [ app_begin ] --END-- [ RunTime:0.003000s ]

[ 2016-03-18T23:27:04+08:00 ] 0.0.0.0 /Anliku/Home/Index/getCates
INFO: [ app_begin ] --START--
INFO: ReadHtmlCache Behavior ::run [ RunTime:0.003000s ]
INFO: [ app_begin ] --END-- [ RunTime:0.003000s ]

[ 2016-03-18T23:27:08+08:00 ] 0.0.0.0 /Anliku/Home/Index/getCates
INFO: [ app_begin ] --START--
INFO: ReadHtmlCache Behavior ::run [ RunTime:0.002000s ]
INFO: [ app_begin ] --END-- [ RunTime:0.002000s ]

[ 2016-03-18T23:27:08+08:00 ] 0.0.0.0 /Anliku/Home/Index/getCates
INFO: [ app_begin ] --START--
INFO: ReadHtmlCache Behavior ::run [ RunTime:0.002000s ]
INFO: [ app_begin ] --END-- [ RunTime:0.004000s ]

[ 2016-03-18T23:27:45+08:00 ] 0.0.0.0 /Anliku/Home/Index/getCates
INFO: [ app_begin ] --START--
INFO: ReadHtmlCache Behavior ::run [ RunTime:0.002000s ]
INFO: [ app_begin ] --END-- [ RunTime:0.002000s ]

[ 2016-03-18T23:27:45+08:00 ] 0.0.0.0 /Anliku/Home/Index/getCates
INFO: [ app_begin ] --START--
INFO: ReadHtmlCache Behavior ::run [ RunTime:0.003000s ]
INFO: [ app_begin ] --END-- [ RunTime:0.003000s ]

[ 2016-03-18T23:28:53+08:00 ] 0.0.0.0 /Anliku/Home/Index/getCates
INFO: [ app_begin ] --START--
INFO: ReadHtmlCache Behavior ::run [ RunTime:0.001000s ]
INFO: [ app_begin ] --END-- [ RunTime:0.002000s ]

[ 2016-03-18T23:28:53+08:00 ] 0.0.0.0 /Anliku/Home/Index/getCates
INFO: [ app_begin ] --START--
INFO: ReadHtmlCache Behavior ::run [ RunTime:0.002000s ]
INFO: [ app_begin ] --END-- [ RunTime:0.004000s ]

[ 2016-03-18T23:30:02+08:00 ] 0.0.0.0 /Anliku/Home/Index/getCates
INFO: [ app_begin ] --START--
INFO: ReadHtmlCache Behavior ::run [ RunTime:0.002000s ]
INFO: [ app_begin ] --END-- [ RunTime:0.003000s ]

[ 2016-03-18T23:30:02+08:00 ] 0.0.0.0 /Anliku/Home/Index/getCates
INFO: [ app_begin ] --START--
INFO: ReadHtmlCache Behavior ::run [ RunTime:0.002000s ]
INFO: [ app_begin ] --END-- [ RunTime:0.002000s ]

[ 2016-03-18T23:30:34+08:00 ] 0.0.0.0 /Anliku/Home/Index/getCates
INFO: [ app_begin ] --START--
INFO: ReadHtmlCache Behavior ::run [ RunTime:0.002000s ]
INFO: [ app_begin ] --END-- [ RunTime:0.002000s ]

[ 2016-03-18T23:30:34+08:00 ] 0.0.0.0 /Anliku/Home/Index/getCates
INFO: [ app_begin ] --START--
INFO: ReadHtmlCache Behavior ::run [ RunTime:0.002000s ]
INFO: [ app_begin ] --END-- [ RunTime:0.002000s ]

[ 2016-03-18T23:31:34+08:00 ] 0.0.0.0 /Anliku/Home/Index/getCates
INFO: [ app_begin ] --START--
INFO: ReadHtmlCache Behavior ::run [ RunTime:0.001000s ]
INFO: [ app_begin ] --END-- [ RunTime:0.002000s ]

[ 2016-03-18T23:31:34+08:00 ] 0.0.0.0 /Anliku/Home/Index/getCates
INFO: [ app_begin ] --START--
INFO: ReadHtmlCache Behavior ::run [ RunTime:0.002000s ]
INFO: [ app_begin ] --END-- [ RunTime:0.004001s ]

[ 2016-03-18T23:32:33+08:00 ] 0.0.0.0 /Anliku/Home/Index/getCates
INFO: [ app_begin ] --START--
INFO: ReadHtmlCache Behavior ::run [ RunTime:0.002000s ]
INFO: [ app_begin ] --END-- [ RunTime:0.003000s ]

[ 2016-03-18T23:33:51+08:00 ] 0.0.0.0 /Anliku/Home/Index/getCates
INFO: [ app_begin ] --START--
INFO: ReadHtmlCache Behavior ::run [ RunTime:0.002001s ]
INFO: [ app_begin ] --END-- [ RunTime:0.003001s ]

[ 2016-03-18T23:34:13+08:00 ] 0.0.0.0 /Anliku/Home/Index/getCates
INFO: [ app_begin ] --START--
INFO: ReadHtmlCache Behavior ::run [ RunTime:0.002000s ]
INFO: [ app_begin ] --END-- [ RunTime:0.002000s ]

[ 2016-03-18T23:34:13+08:00 ] 0.0.0.0 /Anliku/Home/Index/getCates
INFO: [ app_begin ] --START--
INFO: ReadHtmlCache Behavior ::run [ RunTime:0.003000s ]
INFO: [ app_begin ] --END-- [ RunTime:0.003000s ]

